<?xml version="1.0" encoding="UTF-8"?>
<coverage generated="1584391175017" clover="3.2.0">
  <project timestamp="1584391175017" name="All files">
    <metrics statements="2" coveredstatements="2" conditionals="3" coveredconditionals="0" methods="1" coveredmethods="1" elements="6" coveredelements="3" complexity="0" loc="2" ncloc="2" packages="1" files="1" classes="1"/>
    <file name="createResponse.js" path="C:\Users\jimmy\alchemy\ctrack401\lab-06-http-with-net\lib\utils\createResponse.js">
      <metrics statements="2" coveredstatements="2" conditionals="3" coveredconditionals="0" methods="1" coveredmethods="1"/>
      <line num="1" count="1" type="cond" truecount="0" falsecount="3"/>
      <line num="3" count="1" type="stmt"/>
    </file>
  </project>
</coverage>
