{"C:\\Users\\jimmy\\alchemy\\ctrack401\\lab-06-http-with-net\\lib\\app.js": {"path":"C:\\Users\\jimmy\\alchemy\\ctrack401\\lab-06-http-with-net\\lib\\app.js","statementMap":{"0":{"start":{"line":1,"column":12},"end":{"line":1,"column":26}},"1":{"start":{"line":2,"column":21},"end":{"line":2,"column":52}},"2":{"start":{"line":3,"column":23},"end":{"line":3,"column":56}},"3":{"start":{"line":5,"column":12},"end":{"line":55,"column":2}},"4":{"start":{"line":6,"column":2},"end":{"line":54,"column":5}},"5":{"start":{"line":7,"column":20},"end":{"line":7,"column":49}},"6":{"start":{"line":9,"column":4},"end":{"line":53,"column":5}},"7":{"start":{"line":10,"column":6},"end":{"line":14,"column":10}},"8":{"start":{"line":15,"column":11},"end":{"line":53,"column":5}},"9":{"start":{"line":16,"column":6},"end":{"line":20,"column":10}},"10":{"start":{"line":21,"column":11},"end":{"line":53,"column":5}},"11":{"start":{"line":22,"column":6},"end":{"line":30,"column":10}},"12":{"start":{"line":31,"column":11},"end":{"line":53,"column":5}},"13":{"start":{"line":32,"column":6},"end":{"line":40,"column":10}},"14":{"start":{"line":41,"column":11},"end":{"line":53,"column":5}},"15":{"start":{"line":42,"column":6},"end":{"line":50,"column":10}},"16":{"start":{"line":52,"column":6},"end":{"line":52,"column":108}},"17":{"start":{"line":57,"column":0},"end":{"line":57,"column":21}}},"fnMap":{"0":{"name":"(anonymous_0)","decl":{"start":{"line":5,"column":29},"end":{"line":5,"column":30}},"loc":{"start":{"line":5,"column":39},"end":{"line":55,"column":1}},"line":5},"1":{"name":"(anonymous_1)","decl":{"start":{"line":6,"column":20},"end":{"line":6,"column":21}},"loc":{"start":{"line":6,"column":28},"end":{"line":54,"column":3}},"line":6}},"branchMap":{"0":{"loc":{"start":{"line":9,"column":4},"end":{"line":53,"column":5}},"type":"if","locations":[{"start":{"line":9,"column":4},"end":{"line":53,"column":5}},{"start":{"line":9,"column":4},"end":{"line":53,"column":5}}],"line":9},"1":{"loc":{"start":{"line":9,"column":7},"end":{"line":9,"column":55}},"type":"binary-expr","locations":[{"start":{"line":9,"column":7},"end":{"line":9,"column":27}},{"start":{"line":9,"column":31},"end":{"line":9,"column":55}}],"line":9},"2":{"loc":{"start":{"line":15,"column":11},"end":{"line":53,"column":5}},"type":"if","locations":[{"start":{"line":15,"column":11},"end":{"line":53,"column":5}},{"start":{"line":15,"column":11},"end":{"line":53,"column":5}}],"line":15},"3":{"loc":{"start":{"line":15,"column":14},"end":{"line":15,"column":67}},"type":"binary-expr","locations":[{"start":{"line":15,"column":14},"end":{"line":15,"column":38}},{"start":{"line":15,"column":42},"end":{"line":15,"column":67}}],"line":15},"4":{"loc":{"start":{"line":21,"column":11},"end":{"line":53,"column":5}},"type":"if","locations":[{"start":{"line":21,"column":11},"end":{"line":53,"column":5}},{"start":{"line":21,"column":11},"end":{"line":53,"column":5}}],"line":21},"5":{"loc":{"start":{"line":21,"column":14},"end":{"line":21,"column":65}},"type":"binary-expr","locations":[{"start":{"line":21,"column":14},"end":{"line":21,"column":37}},{"start":{"line":21,"column":41},"end":{"line":21,"column":65}}],"line":21},"6":{"loc":{"start":{"line":31,"column":11},"end":{"line":53,"column":5}},"type":"if","locations":[{"start":{"line":31,"column":11},"end":{"line":53,"column":5}},{"start":{"line":31,"column":11},"end":{"line":53,"column":5}}],"line":31},"7":{"loc":{"start":{"line":31,"column":14},"end":{"line":31,"column":67}},"type":"binary-expr","locations":[{"start":{"line":31,"column":14},"end":{"line":31,"column":39}},{"start":{"line":31,"column":43},"end":{"line":31,"column":67}}],"line":31},"8":{"loc":{"start":{"line":41,"column":11},"end":{"line":53,"column":5}},"type":"if","locations":[{"start":{"line":41,"column":11},"end":{"line":53,"column":5}},{"start":{"line":41,"column":11},"end":{"line":53,"column":5}}],"line":41},"9":{"loc":{"start":{"line":41,"column":14},"end":{"line":41,"column":66}},"type":"binary-expr","locations":[{"start":{"line":41,"column":14},"end":{"line":41,"column":38}},{"start":{"line":41,"column":42},"end":{"line":41,"column":66}}],"line":41}},"s":{"0":1,"1":1,"2":1,"3":1,"4":6,"5":6,"6":6,"7":1,"8":5,"9":1,"10":4,"11":1,"12":3,"13":1,"14":2,"15":1,"16":1,"17":1},"f":{"0":6,"1":6},"b":{"0":[1,5],"1":[6,1],"2":[1,4],"3":[5,1],"4":[1,3],"5":[4,1],"6":[1,2],"7":[3,1],"8":[1,1],"9":[2,1]},"_coverageSchema":"1a1c01bbd47fc00a2c39e90264f33305004495a9","hash":"68c7a320410f09c5c31a19c8a4b6dc6790db3b75"}
,"C:\\Users\\jimmy\\alchemy\\ctrack401\\lab-06-http-with-net\\lib\\utils\\createResponse.js": {"path":"C:\\Users\\jimmy\\alchemy\\ctrack401\\lab-06-http-with-net\\lib\\utils\\createResponse.js","statementMap":{"0":{"start":{"line":1,"column":0},"end":{"line":4,"column":2}},"1":{"start":{"line":2,"column":14},"end":{"line":2,"column":129}},"2":{"start":{"line":3,"column":2},"end":{"line":3,"column":13}}},"fnMap":{"0":{"name":"(anonymous_0)","decl":{"start":{"line":1,"column":17},"end":{"line":1,"column":18}},"loc":{"start":{"line":1,"column":82},"end":{"line":4,"column":1}},"line":1}},"branchMap":{"0":{"loc":{"start":{"line":1,"column":20},"end":{"line":1,"column":29}},"type":"default-arg","locations":[{"start":{"line":1,"column":27},"end":{"line":1,"column":29}}],"line":1},"1":{"loc":{"start":{"line":1,"column":31},"end":{"line":1,"column":56}},"type":"default-arg","locations":[{"start":{"line":1,"column":45},"end":{"line":1,"column":56}}],"line":1},"2":{"loc":{"start":{"line":1,"column":58},"end":{"line":1,"column":75}},"type":"default-arg","locations":[{"start":{"line":1,"column":67},"end":{"line":1,"column":75}}],"line":1}},"s":{"0":2,"1":7,"2":7},"f":{"0":7},"b":{"0":[0],"1":[0],"2":[0]},"_coverageSchema":"1a1c01bbd47fc00a2c39e90264f33305004495a9","hash":"54579b896bc0c8025318edfcb6227aaf85d2f980"}
,"C:\\Users\\jimmy\\alchemy\\ctrack401\\lab-06-http-with-net\\lib\\utils\\parseRequest.js": {"path":"C:\\Users\\jimmy\\alchemy\\ctrack401\\lab-06-http-with-net\\lib\\utils\\parseRequest.js","statementMap":{"0":{"start":{"line":1,"column":17},"end":{"line":3,"column":20}},"1":{"start":{"line":5,"column":0},"end":{"line":12,"column":2}},"2":{"start":{"line":6,"column":23},"end":{"line":6,"column":45}},"3":{"start":{"line":7,"column":19},"end":{"line":7,"column":45}},"4":{"start":{"line":8,"column":17},"end":{"line":8,"column":28}},"5":{"start":{"line":9,"column":15},"end":{"line":9,"column":26}},"6":{"start":{"line":10,"column":15},"end":{"line":10,"column":46}},"7":{"start":{"line":11,"column":2},"end":{"line":11,"column":32}}},"fnMap":{"0":{"name":"(anonymous_0)","decl":{"start":{"line":5,"column":17},"end":{"line":5,"column":18}},"loc":{"start":{"line":5,"column":31},"end":{"line":12,"column":1}},"line":5}},"branchMap":{},"s":{"0":2,"1":2,"2":8,"3":8,"4":8,"5":8,"6":8,"7":8},"f":{"0":8},"b":{},"_coverageSchema":"1a1c01bbd47fc00a2c39e90264f33305004495a9","hash":"447100fad7fa7a97f53ed4f0938efe78cc4ab133"}
}
