TN:
SF:lib\app.js
FN:5,(anonymous_0)
FN:6,(anonymous_1)
FNF:2
FNH:2
FNDA:6,(anonymous_0)
FNDA:6,(anonymous_1)
DA:1,1
DA:2,1
DA:3,1
DA:5,1
DA:6,6
DA:7,6
DA:9,6
DA:10,1
DA:15,5
DA:16,1
DA:21,4
DA:22,1
DA:31,3
DA:32,1
DA:41,2
DA:42,1
DA:52,1
DA:57,1
LF:18
LH:18
BRDA:9,0,0,1
BRDA:9,0,1,5
BRDA:9,1,0,6
BRDA:9,1,1,1
BRDA:15,2,0,1
BRDA:15,2,1,4
BRDA:15,3,0,5
BRDA:15,3,1,1
BRDA:21,4,0,1
BRDA:21,4,1,3
BRDA:21,5,0,4
BRDA:21,5,1,1
BRDA:31,6,0,1
BRDA:31,6,1,2
BRDA:31,7,0,3
BRDA:31,7,1,1
BRDA:41,8,0,1
BRDA:41,8,1,1
BRDA:41,9,0,2
BRDA:41,9,1,1
BRF:20
BRH:20
end_of_record
TN:
SF:lib\utils\createResponse.js
FN:1,(anonymous_0)
FNF:1
FNH:1
FNDA:7,(anonymous_0)
DA:1,2
DA:2,7
DA:3,7
LF:3
LH:3
BRDA:1,0,0,0
BRDA:1,1,0,0
BRDA:1,2,0,0
BRF:3
BRH:0
end_of_record
TN:
SF:lib\utils\parseRequest.js
FN:5,(anonymous_0)
FNF:1
FNH:1
FNDA:8,(anonymous_0)
DA:1,2
DA:5,2
DA:6,8
DA:7,8
DA:8,8
DA:9,8
DA:10,8
DA:11,8
LF:8
LH:8
BRF:0
BRH:0
end_of_record
